Added Component: Designator=C3(CAP_0603)
Add component. Clean all parameters for all variants
Add component (AddParameter): Name = "Cap"; Value = "0.47u"; VariantName = "[No Variations]"
Add component (AddParameter): Name = "Foot"; Value = "0603"; VariantName = "[No Variations]"
Add component (AddParameter): Name = "Voltage"; Value = "50V"; VariantName = "[No Variations]"
Added Component: Designator=C4(CAP_0603)
Add component. Clean all parameters for all variants
Add component (AddParameter): Name = "Cap"; Value = "0.47u"; VariantName = "[No Variations]"
Add component (AddParameter): Name = "Foot"; Value = "0603"; VariantName = "[No Variations]"
Add component (AddParameter): Name = "Voltage"; Value = "50V"; VariantName = "[No Variations]"
Added Component: Designator=C5(CAP_0603)
Add component. Clean all parameters for all variants
Add component (AddParameter): Name = "Cap"; Value = "0.1u"; VariantName = "[No Variations]"
Add component (AddParameter): Name = "Foot"; Value = "0603"; VariantName = "[No Variations]"
Add component (AddParameter): Name = "Price, $"; Value = "0.1"; VariantName = "[No Variations]"
Add component (AddParameter): Name = "Voltage"; Value = "50V"; VariantName = "[No Variations]"
Added Component: Designator=C6(CAP_0603)
Add component. Clean all parameters for all variants
Add component (AddParameter): Name = "Cap"; Value = "22p"; VariantName = "[No Variations]"
Add component (AddParameter): Name = "Foot"; Value = "0603"; VariantName = "[No Variations]"
Add component (AddParameter): Name = "Tolerance"; Value = "1%"; VariantName = "[No Variations]"
Add component (AddParameter): Name = "Voltage"; Value = "50V"; VariantName = "[No Variations]"
Added Component: Designator=C7(CAP_0603)
Add component. Clean all parameters for all variants
Add component (AddParameter): Name = "Cap"; Value = "22p"; VariantName = "[No Variations]"
Add component (AddParameter): Name = "Foot"; Value = "0603"; VariantName = "[No Variations]"
Add component (AddParameter): Name = "Tolerance"; Value = "1%"; VariantName = "[No Variations]"
Add component (AddParameter): Name = "Voltage"; Value = "50V"; VariantName = "[No Variations]"
Added Component: Designator=C8(CAP_0805)
Add component. Clean all parameters for all variants
Add component (AddParameter): Name = "Cap"; Value = "1u"; VariantName = "[No Variations]"
Add component (AddParameter): Name = "Foot"; Value = "0805"; VariantName = "[No Variations]"
Add component (AddParameter): Name = "Voltage"; Value = "50V"; VariantName = "[No Variations]"
Added Component: Designator=C9(CAP_0805)
Add component. Clean all parameters for all variants
Add component (AddParameter): Name = "Cap"; Value = "1u"; VariantName = "[No Variations]"
Add component (AddParameter): Name = "Foot"; Value = "0805"; VariantName = "[No Variations]"
Add component (AddParameter): Name = "Voltage"; Value = "50V"; VariantName = "[No Variations]"
Added Component: Designator=C10(CAP_0603)
Add component. Clean all parameters for all variants
Add component (AddParameter): Name = "Cap"; Value = "0.1u"; VariantName = "[No Variations]"
Add component (AddParameter): Name = "Foot"; Value = "0603"; VariantName = "[No Variations]"
Add component (AddParameter): Name = "Price, $"; Value = "0.1"; VariantName = "[No Variations]"
Add component (AddParameter): Name = "Voltage"; Value = "50V"; VariantName = "[No Variations]"
Added Component: Designator=D1(SOD_323 (SC-76))
Add component. Clean all parameters for all variants
Add component (AddParameter): Name = "HelpURL"; Value = "L:\Dev\Техническая документация\Стабилитроны\BZX384_series_Vishay.pdf"; VariantName = "[No Variations]"
Add component (AddParameter): Name = "Price, $"; Value = "0.3"; VariantName = "[No Variations]"
Add component (AddParameter): Name = "Value"; Value = "BZX384B5V1"; VariantName = "[No Variations]"
Added Component: Designator=JP1(CONN_JUMPER 3PIN 2.54MM)
Add component. Clean all parameters for all variants
Added Component: Designator=Q1(SOT_23)
Add component. Clean all parameters for all variants
Add component (AddParameter): Name = "DatasheetDocument"; Value = "Jun-1999"; VariantName = "[No Variations]"
Add component (AddParameter): Name = "PackageDocument"; Value = "May-1999"; VariantName = "[No Variations]"
Add component (AddParameter): Name = "PackageReference"; Value = "SOT23"; VariantName = "[No Variations]"
Add component (AddParameter): Name = "Published"; Value = "17-Sep-2003"; VariantName = "[No Variations]"
Add component (AddParameter): Name = "Publisher"; Value = "Altium Limited"; VariantName = "[No Variations]"
Added Component: Designator=Q2(SOT_23)
Add component. Clean all parameters for all variants
Add component (AddParameter): Name = "DatasheetDocument"; Value = "Jun-1999"; VariantName = "[No Variations]"
Add component (AddParameter): Name = "PackageDocument"; Value = "May-1999"; VariantName = "[No Variations]"
Add component (AddParameter): Name = "PackageReference"; Value = "SOT23"; VariantName = "[No Variations]"
Add component (AddParameter): Name = "Published"; Value = "17-Sep-2003"; VariantName = "[No Variations]"
Add component (AddParameter): Name = "Publisher"; Value = "Altium Limited"; VariantName = "[No Variations]"
Added Component: Designator=Q3(SOT_23)
Add component. Clean all parameters for all variants
Add component (AddParameter): Name = "DatasheetDocument"; Value = "Jun-1999"; VariantName = "[No Variations]"
Add component (AddParameter): Name = "PackageDocument"; Value = "May-1999"; VariantName = "[No Variations]"
Add component (AddParameter): Name = "PackageReference"; Value = "SOT23"; VariantName = "[No Variations]"
Add component (AddParameter): Name = "Published"; Value = "17-Sep-2003"; VariantName = "[No Variations]"
Add component (AddParameter): Name = "Publisher"; Value = "Altium Limited"; VariantName = "[No Variations]"
Added Component: Designator=Q4(SOT_23)
Add component. Clean all parameters for all variants
Add component (AddParameter): Name = "DatasheetDocument"; Value = "Jun-1999"; VariantName = "[No Variations]"
Add component (AddParameter): Name = "PackageDocument"; Value = "May-1999"; VariantName = "[No Variations]"
Add component (AddParameter): Name = "PackageReference"; Value = "SOT23"; VariantName = "[No Variations]"
Add component (AddParameter): Name = "Published"; Value = "17-Sep-2003"; VariantName = "[No Variations]"
Add component (AddParameter): Name = "Publisher"; Value = "Altium Limited"; VariantName = "[No Variations]"
Added Component: Designator=R2(resistor_0603)
Add component. Clean all parameters for all variants
Add component (AddParameter): Name = "Foot"; Value = "0603"; VariantName = "[No Variations]"
Add component (AddParameter): Name = "Power"; Value = "0.1W"; VariantName = "[No Variations]"
Add component (AddParameter): Name = "Price, $"; Value = "0.015"; VariantName = "[No Variations]"
Add component (AddParameter): Name = "Value"; Value = "4.7k"; VariantName = "[No Variations]"
Added Component: Designator=R3(resistor_0603)
Add component. Clean all parameters for all variants
Add component (AddParameter): Name = "Foot"; Value = "0603"; VariantName = "[No Variations]"
Add component (AddParameter): Name = "Power"; Value = "0.1W"; VariantName = "[No Variations]"
Add component (AddParameter): Name = "Price, $"; Value = "0.015"; VariantName = "[No Variations]"
Add component (AddParameter): Name = "Value"; Value = "10k"; VariantName = "[No Variations]"
Added Component: Designator=R4(resistor_0603)
Add component. Clean all parameters for all variants
Add component (AddParameter): Name = "Foot"; Value = "0603"; VariantName = "[No Variations]"
Add component (AddParameter): Name = "Power"; Value = "0.1W"; VariantName = "[No Variations]"
Add component (AddParameter): Name = "Tolerance"; Value = "1%"; VariantName = "[No Variations]"
Add component (AddParameter): Name = "Value"; Value = "2.4k"; VariantName = "[No Variations]"
Added Component: Designator=R5(RESistor_0603)
Add component. Clean all parameters for all variants
Add component (AddParameter): Name = "Foot"; Value = "0603"; VariantName = "[No Variations]"
Add component (AddParameter): Name = "Power"; Value = "0.1W"; VariantName = "[No Variations]"
Add component (AddParameter): Name = "Price, $"; Value = "0.015"; VariantName = "[No Variations]"
Add component (AddParameter): Name = "Value"; Value = "1k"; VariantName = "[No Variations]"
Added Component: Designator=R6(resistor_0805)
Add component. Clean all parameters for all variants
Add component (AddParameter): Name = "Foot"; Value = "0805"; VariantName = "[No Variations]"
Add component (AddParameter): Name = "Power"; Value = "0.125W"; VariantName = "[No Variations]"
Add component (AddParameter): Name = "Value"; Value = "100"; VariantName = "[No Variations]"
Added Component: Designator=R7(resistor_0603)
Add component. Clean all parameters for all variants
Add component (AddParameter): Name = "Foot"; Value = "0603"; VariantName = "[No Variations]"
Add component (AddParameter): Name = "Power"; Value = "0.1W"; VariantName = "[No Variations]"
Add component (AddParameter): Name = "Price, $"; Value = "0.015"; VariantName = "[No Variations]"
Add component (AddParameter): Name = "Value"; Value = "10k"; VariantName = "[No Variations]"
Added Component: Designator=R8(resistor_0603)
Add component. Clean all parameters for all variants
Add component (AddParameter): Name = "Foot"; Value = "0603"; VariantName = "[No Variations]"
Add component (AddParameter): Name = "Power"; Value = "0.1W"; VariantName = "[No Variations]"
Add component (AddParameter): Name = "Price, $"; Value = "0.015"; VariantName = "[No Variations]"
Add component (AddParameter): Name = "Value"; Value = "4.7k"; VariantName = "[No Variations]"
Added Component: Designator=R9(resistor_0603)
Add component. Clean all parameters for all variants
Add component (AddParameter): Name = "Foot"; Value = "0603"; VariantName = "[No Variations]"
Add component (AddParameter): Name = "Power"; Value = "0.1W"; VariantName = "[No Variations]"
Add component (AddParameter): Name = "Price, $"; Value = "0.015"; VariantName = "[No Variations]"
Add component (AddParameter): Name = "Value"; Value = "4.7k"; VariantName = "[No Variations]"
Added Component: Designator=R10(resistor_0603)
Add component. Clean all parameters for all variants
Add component (AddParameter): Name = "Foot"; Value = "0603"; VariantName = "[No Variations]"
Add component (AddParameter): Name = "Power"; Value = "0.1W"; VariantName = "[No Variations]"
Add component (AddParameter): Name = "Price, $"; Value = "0.015"; VariantName = "[No Variations]"
Add component (AddParameter): Name = "Value"; Value = "4.7k"; VariantName = "[No Variations]"
Added Component: Designator=R11(resistor_0603)
Add component. Clean all parameters for all variants
Add component (AddParameter): Name = "Foot"; Value = "0603"; VariantName = "[No Variations]"
Add component (AddParameter): Name = "Power"; Value = "0.1W"; VariantName = "[No Variations]"
Add component (AddParameter): Name = "Price, $"; Value = "0.015"; VariantName = "[No Variations]"
Add component (AddParameter): Name = "Value"; Value = "4.7k"; VariantName = "[No Variations]"
Added Component: Designator=R12(RESistor_0603)
Add component. Clean all parameters for all variants
Add component (AddParameter): Name = "Foot"; Value = "0603"; VariantName = "[No Variations]"
Add component (AddParameter): Name = "Power"; Value = "0.1W"; VariantName = "[No Variations]"
Add component (AddParameter): Name = "Price, $"; Value = "0.015"; VariantName = "[No Variations]"
Add component (AddParameter): Name = "Value"; Value = "1k"; VariantName = "[No Variations]"
Added Component: Designator=R13(RESistor_0603)
Add component. Clean all parameters for all variants
Add component (AddParameter): Name = "Foot"; Value = "0603"; VariantName = "[No Variations]"
Add component (AddParameter): Name = "Power"; Value = "0.1W"; VariantName = "[No Variations]"
Add component (AddParameter): Name = "Price, $"; Value = "0.015"; VariantName = "[No Variations]"
Add component (AddParameter): Name = "Value"; Value = "1k"; VariantName = "[No Variations]"
Added Component: Designator=TP2(OTHER_SMD_TP_1.5MM)
Add component. Clean all parameters for all variants
Added Component: Designator=TP3(OTHER_SMD_TP_1.5MM)
Add component. Clean all parameters for all variants
Added Component: Designator=TP4(OTHER_SMD_TP_1.5MM)
Add component. Clean all parameters for all variants
Added Component: Designator=TP5(OTHER_SMD_TP_1.5MM)
Add component. Clean all parameters for all variants
Added Component: Designator=TP6(OTHER_SMD_TP_1.5MM)
Add component. Clean all parameters for all variants
Added Component: Designator=TP7(OTHER_SMD_TP_1.5MM)
Add component. Clean all parameters for all variants
Added Component: Designator=TP8(OTHER_SMD_TP_1.5MM)
Add component. Clean all parameters for all variants
Added Component: Designator=TP9(OTHER_SMD_TP_1.5MM)
Add component. Clean all parameters for all variants
Added Component: Designator=TP10(OTHER_SMD_TP_1.5MM)
Add component. Clean all parameters for all variants
Added Component: Designator=TP11(OTHER_SMD_TP_1.5MM)
Add component. Clean all parameters for all variants
Added Component: Designator=U2(TQFP_32)
Add component. Clean all parameters for all variants
Add component (AddParameter): Name = "Availability"; Value = "Unavailable"; VariantName = "[No Variations]"
Add component (AddParameter): Name = "MF"; Value = "Microchip Technology"; VariantName = "[No Variations]"
Add component (AddParameter): Name = "MP"; Value = "ATMEGA8-16AU"; VariantName = "[No Variations]"
Add component (AddParameter): Name = "Package"; Value = "TQFP-32 Microchip Technology"; VariantName = "[No Variations]"
Add component (AddParameter): Name = "Price"; Value = "None"; VariantName = "[No Variations]"
Add component (AddParameter): Name = "SnapEDA_Link"; Value = "https://www.snapeda.com/parts/ATMEGA8-16AU/Microchip/view-part/4246640/?ref=snap"; VariantName = "[No Variations]"
Add component (AddParameter): Name = "Value"; Value = ""; VariantName = "[No Variations]"
Added Component: Designator=XP1(CONN_IDC-10)
Add component. Clean all parameters for all variants
Add component (AddParameter): Name = "LatestRevisionDate"; Value = "17-Jul-2002"; VariantName = "[No Variations]"
Add component (AddParameter): Name = "LatestRevisionNote"; Value = "Re-released for DXP Platform."; VariantName = "[No Variations]"
Add component (AddParameter): Name = "Publisher"; Value = "Altium Limited"; VariantName = "[No Variations]"
Added Component: Designator=XP2(CONN_IDC-10)
Add component. Clean all parameters for all variants
Add component (AddParameter): Name = "LatestRevisionDate"; Value = "17-Jul-2002"; VariantName = "[No Variations]"
Add component (AddParameter): Name = "LatestRevisionNote"; Value = "Re-released for DXP Platform."; VariantName = "[No Variations]"
Add component (AddParameter): Name = "Publisher"; Value = "Altium Limited"; VariantName = "[No Variations]"
Added Component: Designator=XP3(CONN_PLS-4)
Add component. Clean all parameters for all variants
Add component (AddParameter): Name = "LatestRevisionDate"; Value = "17-Jul-2002"; VariantName = "[No Variations]"
Add component (AddParameter): Name = "LatestRevisionNote"; Value = "Re-released for DXP Platform."; VariantName = "[No Variations]"
Add component (AddParameter): Name = "Publisher"; Value = "Altium Limited"; VariantName = "[No Variations]"
Added Component: Designator=XP4(CONN_PLD-6)
Add component. Clean all parameters for all variants
Add component (AddParameter): Name = "LatestRevisionDate"; Value = "17-Jul-2002"; VariantName = "[No Variations]"
Add component (AddParameter): Name = "LatestRevisionNote"; Value = "Re-released for DXP Platform."; VariantName = "[No Variations]"
Add component (AddParameter): Name = "Publisher"; Value = "Altium Limited"; VariantName = "[No Variations]"
Added Component: Designator=Y1(CRYSTAL_HC-49S)
Add component. Clean all parameters for all variants
Add component (AddParameter): Name = "LatestRevisionDate"; Value = "17-Jul-2002"; VariantName = "[No Variations]"
Add component (AddParameter): Name = "LatestRevisionNote"; Value = "Re-released for DXP Platform."; VariantName = "[No Variations]"
Add component (AddParameter): Name = "PackageDescription"; Value = "Crystal, Thru-Hole; 2 Leads; Body 3.1 x 8.2 mm (Dia.xH)"; VariantName = "[No Variations]"
Add component (AddParameter): Name = "PackageReference"; Value = "R38"; VariantName = "[No Variations]"
Add component (AddParameter): Name = "Published"; Value = "8-Jun-2000"; VariantName = "[No Variations]"
Add component (AddParameter): Name = "Publisher"; Value = "Altium Limited"; VariantName = "[No Variations]"
Added Pin To Net: NetName=NetC1_2 Pin=C3-2
Added Pin To Net: NetName=NetC1_2 Pin=C4-2
Added Pin To Net: NetName=NetC1_2 Pin=C5-2
Added Pin To Net: NetName=NetC1_2 Pin=C6-2
Added Pin To Net: NetName=NetC1_2 Pin=C7-2
Added Pin To Net: NetName=VCC Pin=C8-1
Added Pin To Net: NetName=NetC1_2 Pin=C9-2
Added Pin To Net: NetName=NetC1_2 Pin=C10-2
Added Pin To Net: NetName=NetC1_2 Pin=D1-A
Added Pin To Net: NetName=NetC1_2 Pin=JP1-1
Added Pin To Net: NetName=NetC1_2 Pin=Q2-2
Added Pin To Net: NetName=NetC1_2 Pin=Q3-2
Added Pin To Net: NetName=NetC1_2 Pin=Q4-2
Added Pin To Net: NetName=VCC Pin=R2-2
Added Pin To Net: NetName=VCC Pin=R3-2
Added Pin To Net: NetName=NetC1_2 Pin=R4-1
Added Pin To Net: NetName=+12 Pin=R9-2
Added Pin To Net: NetName=VCC Pin=R10-2
Added Pin To Net: NetName=VCC Pin=R11-2
Added Pin To Net: NetName=VCC Pin=TP3-1
Added Pin To Net: NetName=NetC1_2 Pin=U2-3
Added Pin To Net: NetName=VCC Pin=U2-4
Added Pin To Net: NetName=NetC1_2 Pin=U2-5
Added Pin To Net: NetName=VCC Pin=U2-6
Added Pin To Net: NetName=VCC Pin=U2-18
Added Pin To Net: NetName=NetC1_2 Pin=U2-21
Added Pin To Net: NetName=VCC Pin=XP1-1
Added Pin To Net: NetName=VCC Pin=XP1-2
Added Pin To Net: NetName=NetC1_2 Pin=XP1-3
Added Pin To Net: NetName=NetC1_2 Pin=XP1-4
Added Pin To Net: NetName=VCC Pin=XP1-7
Added Pin To Net: NetName=VCC Pin=XP1-9
Added Pin To Net: NetName=VCC Pin=XP1-10
Added Pin To Net: NetName=+12 Pin=XP2-1
Added Pin To Net: NetName=+12 Pin=XP2-2
Added Pin To Net: NetName=+12 Pin=XP2-3
Added Pin To Net: NetName=NetC1_2 Pin=XP2-4
Added Pin To Net: NetName=NetC1_2 Pin=XP2-5
Added Pin To Net: NetName=NetC1_2 Pin=XP2-6
Added Pin To Net: NetName=+12 Pin=XP3-1
Added Pin To Net: NetName=NetC1_2 Pin=XP3-4
Added Pin To Net: NetName=VCC Pin=XP4-2
Added Pin To Net: NetName=NetC1_2 Pin=XP4-6
Change Net Name : Old Net Name=NetC1_2 New Net Name=GND
Added Pin To Net: NetName=AIN0 Pin=C4-1
Added Pin To Net: NetName=AIN0 Pin=R3-1
Added Pin To Net: NetName=AIN0 Pin=R4-2
Added Pin To Net: NetName=AIN0 Pin=U2-10
Added Net: Name=AIN0
Added Pin To Net: NetName=ENABLE_OUT Pin=Q3-3
Added Pin To Net: NetName=ENABLE_OUT Pin=R10-1
Added Pin To Net: NetName=ENABLE_OUT Pin=TP7-1
Added Pin To Net: NetName=ENABLE_OUT Pin=XP2-7
Added Pin To Net: NetName=ENABLE_OUT Pin=XP2-8
Added Net: Name=ENABLE_OUT
Added Pin To Net: NetName=MISO Pin=TP2-1
Added Pin To Net: NetName=MISO Pin=U2-16
Added Pin To Net: NetName=MISO Pin=XP4-1
Added Net: Name=MISO
Added Pin To Net: NetName=MOSI Pin=TP5-1
Added Pin To Net: NetName=MOSI Pin=U2-15
Added Pin To Net: NetName=MOSI Pin=XP4-4
Added Net: Name=MOSI
Added Pin To Net: NetName=NetC5_1 Pin=C5-1
Added Pin To Net: NetName=NetC5_1 Pin=U2-20
Added Net: Name=NetC5_1
Added Pin To Net: NetName=NetC6_1 Pin=C6-1
Added Pin To Net: NetName=NetC6_1 Pin=U2-7
Added Pin To Net: NetName=NetC6_1 Pin=Y1-1
Added Net: Name=NetC6_1
Added Pin To Net: NetName=NetC7_1 Pin=C7-1
Added Pin To Net: NetName=NetC7_1 Pin=U2-8
Added Pin To Net: NetName=NetC7_1 Pin=Y1-2
Added Net: Name=NetC7_1
Added Pin To Net: NetName=NetC8_2 Pin=C8-2
Added Pin To Net: NetName=NetC8_2 Pin=C9-1
Added Pin To Net: NetName=NetC8_2 Pin=R5-1
Added Pin To Net: NetName=NetC8_2 Pin=U2-23
Added Net: Name=NetC8_2
Added Pin To Net: NetName=NetC10_1 Pin=C10-1
Added Pin To Net: NetName=NetC10_1 Pin=Q2-1
Added Pin To Net: NetName=NetC10_1 Pin=R8-2
Added Net: Name=NetC10_1
Added Pin To Net: NetName=NetJP1_2 Pin=JP1-2
Added Pin To Net: NetName=NetJP1_2 Pin=Q1-2
Added Net: Name=NetJP1_2
Added Pin To Net: NetName=NetQ1_3 Pin=Q1-3
Added Pin To Net: NetName=NetQ1_3 Pin=R6-1
Added Net: Name=NetQ1_3
Added Pin To Net: NetName=NetQ2_3 Pin=Q2-3
Added Pin To Net: NetName=NetQ2_3 Pin=Q3-1
Added Pin To Net: NetName=NetQ2_3 Pin=R9-1
Added Net: Name=NetQ2_3
Added Pin To Net: NetName=NetR6_2 Pin=R6-2
Added Pin To Net: NetName=NetR6_2 Pin=XP1-8
Added Net: Name=NetR6_2
Added Pin To Net: NetName=NetR12_1 Pin=R12-1
Added Pin To Net: NetName=NetR12_1 Pin=U2-30
Added Net: Name=NetR12_1
Added Pin To Net: NetName=NetR13_1 Pin=R13-1
Added Pin To Net: NetName=NetR13_1 Pin=U2-31
Added Net: Name=NetR13_1
Added Pin To Net: NetName=ON_INV Pin=D1-C
Added Pin To Net: NetName=ON_INV Pin=R7-1
Added Pin To Net: NetName=ON_INV Pin=U2-11
Added Net: Name=ON_INV
Added Pin To Net: NetName=ON Pin=R7-2
Added Pin To Net: NetName=ON Pin=R8-1
Added Pin To Net: NetName=ON Pin=TP9-1
Added Pin To Net: NetName=ON Pin=XP3-3
Added Net: Name=ON
Added Pin To Net: NetName=PLED_N Pin=JP1-3
Added Pin To Net: NetName=PLED_N Pin=XP3-2
Added Net: Name=PLED_N
Added Pin To Net: NetName=POT1 Pin=R5-2
Added Pin To Net: NetName=POT1 Pin=TP10-1
Added Pin To Net: NetName=POT1 Pin=U2-32
Added Pin To Net: NetName=POT1 Pin=XP1-5
Added Net: Name=POT1
Added Pin To Net: NetName=POT2 Pin=TP11-1
Added Pin To Net: NetName=POT2 Pin=U2-1
Added Pin To Net: NetName=POT2 Pin=XP1-6
Added Net: Name=POT2
Added Pin To Net: NetName=PWM_INV Pin=Q4-1
Added Pin To Net: NetName=PWM_INV Pin=U2-13
Added Net: Name=PWM_INV
Added Pin To Net: NetName=PWM_LED Pin=Q1-1
Added Pin To Net: NetName=PWM_LED Pin=U2-14
Added Net: Name=PWM_LED
Added Pin To Net: NetName=PWM_OUT Pin=Q4-3
Added Pin To Net: NetName=PWM_OUT Pin=R11-1
Added Pin To Net: NetName=PWM_OUT Pin=TP8-1
Added Pin To Net: NetName=PWM_OUT Pin=XP2-9
Added Pin To Net: NetName=PWM_OUT Pin=XP2-10
Added Net: Name=PWM_OUT
Added Pin To Net: NetName=RESET Pin=C3-1
Added Pin To Net: NetName=RESET Pin=R2-1
Added Pin To Net: NetName=RESET Pin=TP6-1
Added Pin To Net: NetName=RESET Pin=U2-29
Added Pin To Net: NetName=RESET Pin=XP4-5
Added Net: Name=RESET
Added Pin To Net: NetName=RXD Pin=R12-2
Added Net: Name=RXD
Added Pin To Net: NetName=SCK Pin=TP4-1
Added Pin To Net: NetName=SCK Pin=U2-17
Added Pin To Net: NetName=SCK Pin=XP4-3
Added Net: Name=SCK
Added Pin To Net: NetName=TXD Pin=R13-2
Added Net: Name=TXD
Added Member To Class: ClassName=PWM_PART Member=Component C3 0603-X7R-50-0.47 мкф
Added Member To Class: ClassName=PWM_PART Member=Component C4 0603-X7R-50-0.47 мкф
Added Member To Class: ClassName=PWM_PART Member=Component C5 0603-X7R-50-0.1 мкф
Added Member To Class: ClassName=PWM_PART Member=Component C6 0603-NP0-50-22 пф F
Added Member To Class: ClassName=PWM_PART Member=Component C7 0603-NP0-50-22 пф F
Added Member To Class: ClassName=PWM_PART Member=Component C8 0805-X7R-50-1 мкф
Added Member To Class: ClassName=PWM_PART Member=Component C9 0805-X7R-50-1 мкф
Added Member To Class: ClassName=PWM_PART Member=Component C10 0603-X7R-50-0.1 мкф
Added Member To Class: ClassName=PWM_PART Member=Component D1 BZX384B5V1
Added Member To Class: ClassName=PWM_PART Member=Component JP1 
Added Member To Class: ClassName=PWM_PART Member=Component Q1 MMUN2214LT1G
Added Member To Class: ClassName=PWM_PART Member=Component Q2 MMUN2214LT1G
Added Member To Class: ClassName=PWM_PART Member=Component Q3 MMUN2214LT1G
Added Member To Class: ClassName=PWM_PART Member=Component Q4 MMUN2214LT1G
Added Member To Class: ClassName=PWM_PART Member=Component R2 0603-4.7 к J
Added Member To Class: ClassName=PWM_PART Member=Component R3 0603-10к J
Added Member To Class: ClassName=PWM_PART Member=Component R4 0603-2.4 к F
Added Member To Class: ClassName=PWM_PART Member=Component R5 0603-1 к J
Added Member To Class: ClassName=PWM_PART Member=Component R6 0805-100 J
Added Member To Class: ClassName=PWM_PART Member=Component R7 0603-10к J
Added Member To Class: ClassName=PWM_PART Member=Component R8 0603-4.7 к J
Added Member To Class: ClassName=PWM_PART Member=Component R9 0603-4.7 к J
Added Member To Class: ClassName=PWM_PART Member=Component R10 0603-4.7 к J
Added Member To Class: ClassName=PWM_PART Member=Component R11 0603-4.7 к J
Added Member To Class: ClassName=PWM_PART Member=Component R12 0603-1 к J
Added Member To Class: ClassName=PWM_PART Member=Component R13 0603-1 к J
Added Member To Class: ClassName=PWM_PART Member=Component TP2 MISO
Added Member To Class: ClassName=PWM_PART Member=Component TP3 VCC
Added Member To Class: ClassName=PWM_PART Member=Component TP4 SCK
Added Member To Class: ClassName=PWM_PART Member=Component TP5 MOSI
Added Member To Class: ClassName=PWM_PART Member=Component TP6 RESET
Added Member To Class: ClassName=PWM_PART Member=Component TP7 BKLT_EN
Added Member To Class: ClassName=PWM_PART Member=Component TP8 BKLT_PWM
Added Member To Class: ClassName=PWM_PART Member=Component TP9 BKLT_EN_IN
Added Member To Class: ClassName=PWM_PART Member=Component TP10 POT1_LEVEL
Added Member To Class: ClassName=PWM_PART Member=Component TP11 POT2_LEVEL
Added Member To Class: ClassName=PWM_PART Member=Component U2 ATMEGA8-16AU
Added Member To Class: ClassName=PWM_PART Member=Component XP1 IDC-10
Added Member To Class: ClassName=PWM_PART Member=Component XP2 IDC-10
Added Member To Class: ClassName=PWM_PART Member=Component XP3 PLS-4
Added Member To Class: ClassName=PWM_PART Member=Component XP4 PLS-6
Added Member To Class: ClassName=PWM_PART Member=Component Y1 14.7456 MHz
