Added Component: Designator=C1(CAP_0805)
Add component. Clean all parameters for all variants
Add component (AddParameter): Name = "Cap"; Value = "0.33u"; VariantName = "[No Variations]"
Add component (AddParameter): Name = "Foot"; Value = "0805"; VariantName = "[No Variations]"
Add component (AddParameter): Name = "Voltage"; Value = "100V"; VariantName = "[No Variations]"
Added Component: Designator=C2(CAP_0805)
Add component. Clean all parameters for all variants
Add component (AddParameter): Name = "Cap"; Value = "0.1u"; VariantName = "[No Variations]"
Add component (AddParameter): Name = "Foot"; Value = "0805"; VariantName = "[No Variations]"
Add component (AddParameter): Name = "Voltage"; Value = "50V"; VariantName = "[No Variations]"
Added Component: Designator=DZ1(SOD_323 (SC-76))
Add component. Clean all parameters for all variants
Add component (AddParameter): Name = "HelpURL"; Value = "L:\Dev\Техническая документация\Стабилитроны\BZX384_series_Vishay.pdf"; VariantName = "[No Variations]"
Add component (AddParameter): Name = "Price, $"; Value = "0.3"; VariantName = "[No Variations]"
Add component (AddParameter): Name = "Value"; Value = "B5V1"; VariantName = "[No Variations]"
Added Component: Designator=R1(resistor_1206)
Add component. Clean all parameters for all variants
Add component (AddParameter): Name = "Foot"; Value = "1206"; VariantName = "[No Variations]"
Add component (AddParameter): Name = "Power"; Value = "0.25W"; VariantName = "[No Variations]"
Add component (AddParameter): Name = "Value"; Value = "3"; VariantName = "[No Variations]"
Added Component: Designator=TP1(OTHER_SMD_TP_1.5MM)
Add component. Clean all parameters for all variants
Added Component: Designator=U1(D2-PAK)
Add component. Clean all parameters for all variants
Add component (AddParameter): Name = "LatestRevisionDate"; Value = "29-May-2009"; VariantName = "[No Variations]"
Add component (AddParameter): Name = "LatestRevisionNote"; Value = "IPC-7351 Footprint Added."; VariantName = "[No Variations]"
Add component (AddParameter): Name = "PackageDescription"; Value = "3-Pin Transistor Outline Package 2.54 mm Pitch, 15.1 mm Lead Span"; VariantName = "[No Variations]"
Add component (AddParameter): Name = "PackageReference"; Value = "D2PAK"; VariantName = "[No Variations]"
Add component (AddParameter): Name = "Published"; Value = "24-Mar-1999"; VariantName = "[No Variations]"
Add component (AddParameter): Name = "Publisher"; Value = "Altium Limited"; VariantName = "[No Variations]"
Added Pin To Net: NetName=+12 Pin=C1-1
Added Pin To Net: NetName=+12 Pin=U1-1
Added Net: Name=+12
Added Pin To Net: NetName=NetC1_2 Pin=C1-2
Added Pin To Net: NetName=NetC1_2 Pin=C2-2
Added Pin To Net: NetName=NetC1_2 Pin=DZ1-A
Added Pin To Net: NetName=NetC1_2 Pin=U1-2
Added Net: Name=NetC1_2
Added Pin To Net: NetName=NetC2_1 Pin=C2-1
Added Pin To Net: NetName=NetC2_1 Pin=R1-1
Added Pin To Net: NetName=NetC2_1 Pin=U1-3
Added Net: Name=NetC2_1
Added Pin To Net: NetName=VCC Pin=DZ1-C
Added Pin To Net: NetName=VCC Pin=R1-2
Added Pin To Net: NetName=VCC Pin=TP1-1
Added Net: Name=VCC
Added Class: Name=PWM_PART
