Added Component: Designator=C1(CAP_1210)
Add component. Clean all parameters for all variants
Add component (AddParameter): Name = "Cap"; Value = "10u"; VariantName = "[No Variations]"
Add component (AddParameter): Name = "Foot"; Value = "1210"; VariantName = "[No Variations]"
Add component (AddParameter): Name = "Voltage"; Value = "50V"; VariantName = "[No Variations]"
Added Component: Designator=C2(CAP_1210)
Add component. Clean all parameters for all variants
Add component (AddParameter): Name = "Cap"; Value = "10u"; VariantName = "[No Variations]"
Add component (AddParameter): Name = "Foot"; Value = "1210"; VariantName = "[No Variations]"
Add component (AddParameter): Name = "Voltage"; Value = "50V"; VariantName = "[No Variations]"
Added Component: Designator=C3(CAP_0603)
Add component. Clean all parameters for all variants
Add component (AddParameter): Name = "Cap"; Value = "0.01u"; VariantName = "[No Variations]"
Add component (AddParameter): Name = "Foot"; Value = "0603"; VariantName = "[No Variations]"
Add component (AddParameter): Name = "Voltage"; Value = "50V"; VariantName = "[No Variations]"
Added Component: Designator=C4(CAP_0603)
Add component. Clean all parameters for all variants
Add component (AddParameter): Name = "Cap"; Value = "1u"; VariantName = "[No Variations]"
Add component (AddParameter): Name = "Foot"; Value = "0603"; VariantName = "[No Variations]"
Add component (AddParameter): Name = "Voltage"; Value = "10V"; VariantName = "[No Variations]"
Added Component: Designator=C5(CAP_0603)
Add component. Clean all parameters for all variants
Add component (AddParameter): Name = "Cap"; Value = "390p"; VariantName = "[No Variations]"
Add component (AddParameter): Name = "Foot"; Value = "0603"; VariantName = "[No Variations]"
Add component (AddParameter): Name = "Voltage"; Value = "50V"; VariantName = "[No Variations]"
Added Component: Designator=C6(CAP_ECR 10X12.5 RA)
Add component. Clean all parameters for all variants
Add component (AddParameter): Name = "Analog"; Value = "EXR 16 в-3300 мкф 16x26"; VariantName = "[No Variations]"
Add component (AddParameter): Name = "Cap"; Value = "47u"; VariantName = "[No Variations]"
Add component (AddParameter): Name = "Voltage"; Value = "100V"; VariantName = "[No Variations]"
Added Component: Designator=C7(CAP_ECR 10X12.5 RA)
Add component. Clean all parameters for all variants
Add component (AddParameter): Name = "Analog"; Value = "EXR 16 в-3300 мкф 16x26"; VariantName = "[No Variations]"
Add component (AddParameter): Name = "Cap"; Value = "47u"; VariantName = "[No Variations]"
Add component (AddParameter): Name = "Voltage"; Value = "100V"; VariantName = "[No Variations]"
Added Component: Designator=C8(CAP_0603)
Add component. Clean all parameters for all variants
Add component (AddParameter): Name = "Cap"; Value = "2.2u"; VariantName = "[No Variations]"
Add component (AddParameter): Name = "Foot"; Value = "0603"; VariantName = "[No Variations]"
Add component (AddParameter): Name = "Voltage"; Value = "10V"; VariantName = "[No Variations]"
Added Component: Designator=C9(CAP_0603)
Add component. Clean all parameters for all variants
Add component (AddParameter): Name = "Cap"; Value = "33p"; VariantName = "[No Variations]"
Add component (AddParameter): Name = "Foot"; Value = "0603"; VariantName = "[No Variations]"
Add component (AddParameter): Name = "Voltage"; Value = "50V"; VariantName = "[No Variations]"
Added Component: Designator=C10(CAP_0603)
Add component. Clean all parameters for all variants
Add component (AddParameter): Name = "Cap"; Value = "0.033u"; VariantName = "[No Variations]"
Add component (AddParameter): Name = "Foot"; Value = "0603"; VariantName = "[No Variations]"
Add component (AddParameter): Name = "Voltage"; Value = "50V"; VariantName = "[No Variations]"
Added Component: Designator=C11(CAP_0603)
Add component. Clean all parameters for all variants
Add component (AddParameter): Name = "Cap"; Value = "0.1u"; VariantName = "[No Variations]"
Add component (AddParameter): Name = "Foot"; Value = "0603"; VariantName = "[No Variations]"
Add component (AddParameter): Name = "Price, $"; Value = "0.1"; VariantName = "[No Variations]"
Add component (AddParameter): Name = "Voltage"; Value = "50V"; VariantName = "[No Variations]"
Added Component: Designator=D1(LED_0603_RED)
Add component. Clean all parameters for all variants
Add component (AddParameter): Name = "Analog"; Value = "150060RS75000"; VariantName = "[No Variations]"
Add component (AddParameter): Name = "HelpURL"; Value = "L:\Dev\Техническая документация\Светодиоды\Kingbright\SMD\KPT-1608SURCK(0603).pdf"; VariantName = "[No Variations]"
Add component (AddParameter): Name = "Value"; Value = "KPT-1608SURCK"; VariantName = "[No Variations]"
Added Component: Designator=D2(D-PAK)
Add component. Clean all parameters for all variants
Added Component: Designator=L1(INDUCTOR_1812)
Add component. Clean all parameters for all variants
Added Component: Designator=Q1(SOT_23)
Add component. Clean all parameters for all variants
Add component (AddParameter): Name = "DatasheetDocument"; Value = "Jun-1999"; VariantName = "[No Variations]"
Add component (AddParameter): Name = "PackageDocument"; Value = "May-1999"; VariantName = "[No Variations]"
Add component (AddParameter): Name = "PackageReference"; Value = "SOT23"; VariantName = "[No Variations]"
Add component (AddParameter): Name = "Published"; Value = "17-Sep-2003"; VariantName = "[No Variations]"
Add component (AddParameter): Name = "Publisher"; Value = "Altium Limited"; VariantName = "[No Variations]"
Added Component: Designator=Q2(D-PAK)
Add component. Clean all parameters for all variants
Add component (AddParameter): Name = "URL"; Value = "https://www.chipdip.ru/product/fdd86102lz-mosfet-n-channel-100v-8a"; VariantName = "[No Variations]"
Added Component: Designator=R1(resistor_0603)
Add component. Clean all parameters for all variants
Add component (AddParameter): Name = "Foot"; Value = "0603"; VariantName = "[No Variations]"
Add component (AddParameter): Name = "Power"; Value = "0.1W"; VariantName = "[No Variations]"
Add component (AddParameter): Name = "Price, $"; Value = "0.015"; VariantName = "[No Variations]"
Add component (AddParameter): Name = "Value"; Value = "100k"; VariantName = "[No Variations]"
Added Component: Designator=R2(resistor_0603)
Add component. Clean all parameters for all variants
Add component (AddParameter): Name = "Foot"; Value = "0603"; VariantName = "[No Variations]"
Add component (AddParameter): Name = "Power"; Value = "0.1W"; VariantName = "[No Variations]"
Add component (AddParameter): Name = "Price, $"; Value = "0.015"; VariantName = "[No Variations]"
Add component (AddParameter): Name = "Value"; Value = "100k"; VariantName = "[No Variations]"
Added Component: Designator=R3(resistor_0603)
Add component. Clean all parameters for all variants
Add component (AddParameter): Name = "Foot"; Value = "0603"; VariantName = "[No Variations]"
Add component (AddParameter): Name = "Power"; Value = "0.1W"; VariantName = "[No Variations]"
Add component (AddParameter): Name = "Tolerance"; Value = "1%"; VariantName = "[No Variations]"
Add component (AddParameter): Name = "Value"; Value = "30k"; VariantName = "[No Variations]"
Added Component: Designator=R4(resistor_0603)
Add component. Clean all parameters for all variants
Add component (AddParameter): Name = "Foot"; Value = "0603"; VariantName = "[No Variations]"
Add component (AddParameter): Name = "Power"; Value = "0.1W"; VariantName = "[No Variations]"
Add component (AddParameter): Name = "Tolerance"; Value = "1%"; VariantName = "[No Variations]"
Add component (AddParameter): Name = "Value"; Value = "7.5k"; VariantName = "[No Variations]"
Added Component: Designator=R5(resistor_0603)
Add component. Clean all parameters for all variants
Add component (AddParameter): Name = "Foot"; Value = "0603"; VariantName = "[No Variations]"
Add component (AddParameter): Name = "Power"; Value = "0.1W"; VariantName = "[No Variations]"
Add component (AddParameter): Name = "Tolerance"; Value = "1%"; VariantName = "[No Variations]"
Add component (AddParameter): Name = "Value"; Value = "30k"; VariantName = "[No Variations]"
Added Component: Designator=R6(resistor_0805)
Add component. Clean all parameters for all variants
Add component (AddParameter): Name = "Foot"; Value = "0805"; VariantName = "[No Variations]"
Add component (AddParameter): Name = "Power"; Value = "0.125W"; VariantName = "[No Variations]"
Add component (AddParameter): Name = "Value"; Value = "0"; VariantName = "[No Variations]"
Added Component: Designator=R7(resistor_0603)
Add component. Clean all parameters for all variants
Add component (AddParameter): Name = "Foot"; Value = "0603"; VariantName = "[No Variations]"
Add component (AddParameter): Name = "Power"; Value = "0.1W"; VariantName = "[No Variations]"
Add component (AddParameter): Name = "Tolerance"; Value = "1%"; VariantName = "[No Variations]"
Add component (AddParameter): Name = "Value"; Value = "169k"; VariantName = "[No Variations]"
Added Component: Designator=R8(resistor_0603)
Add component. Clean all parameters for all variants
Add component (AddParameter): Name = "Foot"; Value = "0603"; VariantName = "[No Variations]"
Add component (AddParameter): Name = "Power"; Value = "0.1W"; VariantName = "[No Variations]"
Add component (AddParameter): Name = "Tolerance"; Value = "1%"; VariantName = "[No Variations]"
Add component (AddParameter): Name = "Value"; Value = "7.5k"; VariantName = "[No Variations]"
Added Component: Designator=R9(resistor_0603)
Add component. Clean all parameters for all variants
Add component (AddParameter): Name = "Foot"; Value = "0603"; VariantName = "[No Variations]"
Add component (AddParameter): Name = "Power"; Value = "0.1W"; VariantName = "[No Variations]"
Add component (AddParameter): Name = "Tolerance"; Value = "1%"; VariantName = "[No Variations]"
Add component (AddParameter): Name = "Value"; Value = "3"; VariantName = "[No Variations]"
Added Component: Designator=R10(resistor_0603)
Add component. Clean all parameters for all variants
Add component (AddParameter): Name = "Foot"; Value = "0603"; VariantName = "[No Variations]"
Add component (AddParameter): Name = "Power"; Value = "0.1W"; VariantName = "[No Variations]"
Add component (AddParameter): Name = "Tolerance"; Value = "1%"; VariantName = "[No Variations]"
Add component (AddParameter): Name = "Value"; Value = "200"; VariantName = "[No Variations]"
Added Component: Designator=R11(resistor_2512)
Add component. Clean all parameters for all variants
Add component (AddParameter): Name = "Foot"; Value = "2512"; VariantName = "[No Variations]"
Add component (AddParameter): Name = "Power"; Value = "1W"; VariantName = "[No Variations]"
Add component (AddParameter): Name = "Value"; Value = "0.1"; VariantName = "[No Variations]"
Added Component: Designator=R12(resistor_2512)
Add component. Clean all parameters for all variants
Add component (AddParameter): Name = "Foot"; Value = "2512"; VariantName = "[No Variations]"
Add component (AddParameter): Name = "Power"; Value = "1W"; VariantName = "[No Variations]"
Add component (AddParameter): Name = "Value"; Value = "0.1"; VariantName = "[No Variations]"
Added Component: Designator=R13(resistor_0603)
Add component. Clean all parameters for all variants
Add component (AddParameter): Name = "Foot"; Value = "0603"; VariantName = "[No Variations]"
Add component (AddParameter): Name = "Power"; Value = "0.1W"; VariantName = "[No Variations]"
Add component (AddParameter): Name = "Value"; Value = "82k"; VariantName = "[No Variations]"
Added Component: Designator=R14(resistor_0603)
Add component. Clean all parameters for all variants
Add component (AddParameter): Name = "Foot"; Value = "0603"; VariantName = "[No Variations]"
Add component (AddParameter): Name = "Power"; Value = "0.1W"; VariantName = "[No Variations]"
Add component (AddParameter): Name = "Price, $"; Value = "0.015"; VariantName = "[No Variations]"
Add component (AddParameter): Name = "Value"; Value = "330k"; VariantName = "[No Variations]"
Added Component: Designator=R15(resistor_0603)
Add component. Clean all parameters for all variants
Add component (AddParameter): Name = "Foot"; Value = "0603"; VariantName = "[No Variations]"
Add component (AddParameter): Name = "Power"; Value = "0.1W"; VariantName = "[No Variations]"
Add component (AddParameter): Name = "Tolerance"; Value = "1%"; VariantName = "[No Variations]"
Add component (AddParameter): Name = "Value"; Value = "560k"; VariantName = "[No Variations]"
Added Component: Designator=R16(resistor_0603)
Add component. Clean all parameters for all variants
Add component (AddParameter): Name = "Foot"; Value = "0603"; VariantName = "[No Variations]"
Add component (AddParameter): Name = "Power"; Value = "0.1W"; VariantName = "[No Variations]"
Add component (AddParameter): Name = "Price, $"; Value = "0.015"; VariantName = "[No Variations]"
Add component (AddParameter): Name = "Value"; Value = "10k"; VariantName = "[No Variations]"
Added Component: Designator=R17(resistor_0603)
Add component. Clean all parameters for all variants
Add component (AddParameter): Name = "Foot"; Value = "0603"; VariantName = "[No Variations]"
Add component (AddParameter): Name = "Power"; Value = "0.1W"; VariantName = "[No Variations]"
Add component (AddParameter): Name = "Price, $"; Value = "0.015"; VariantName = "[No Variations]"
Add component (AddParameter): Name = "Value"; Value = "10k"; VariantName = "[No Variations]"
Added Component: Designator=R18(resistor_0603)
Add component. Clean all parameters for all variants
Add component (AddParameter): Name = "Foot"; Value = "0603"; VariantName = "[No Variations]"
Add component (AddParameter): Name = "Power"; Value = "0.1W"; VariantName = "[No Variations]"
Add component (AddParameter): Name = "Price, $"; Value = "0.015"; VariantName = "[No Variations]"
Add component (AddParameter): Name = "Value"; Value = "10k"; VariantName = "[No Variations]"
Added Component: Designator=R19(resistor_0603)
Add component. Clean all parameters for all variants
Add component (AddParameter): Name = "Foot"; Value = "0603"; VariantName = "[No Variations]"
Add component (AddParameter): Name = "Power"; Value = "0.1W"; VariantName = "[No Variations]"
Add component (AddParameter): Name = "Price, $"; Value = "0.015"; VariantName = "[No Variations]"
Add component (AddParameter): Name = "Value"; Value = "10k"; VariantName = "[No Variations]"
Added Component: Designator=R20(resistor_0603)
Add component. Clean all parameters for all variants
Add component (AddParameter): Name = "Foot"; Value = "0603"; VariantName = "[No Variations]"
Add component (AddParameter): Name = "Power"; Value = "0.1W"; VariantName = "[No Variations]"
Add component (AddParameter): Name = "Price, $"; Value = "0.015"; VariantName = "[No Variations]"
Add component (AddParameter): Name = "Value"; Value = "10k"; VariantName = "[No Variations]"
Added Component: Designator=R21(resistor_0603)
Add component. Clean all parameters for all variants
Add component (AddParameter): Name = "Foot"; Value = "0603"; VariantName = "[No Variations]"
Add component (AddParameter): Name = "Power"; Value = "0.1W"; VariantName = "[No Variations]"
Add component (AddParameter): Name = "Price, $"; Value = "0.015"; VariantName = "[No Variations]"
Add component (AddParameter): Name = "Value"; Value = "10k"; VariantName = "[No Variations]"
Added Component: Designator=R22(resistor_0603)
Add component. Clean all parameters for all variants
Add component (AddParameter): Name = "Foot"; Value = "0603"; VariantName = "[No Variations]"
Add component (AddParameter): Name = "Power"; Value = "0.1W"; VariantName = "[No Variations]"
Add component (AddParameter): Name = "Value"; Value = "82k"; VariantName = "[No Variations]"
Added Component: Designator=R23(resistor_0603)
Add component. Clean all parameters for all variants
Add component (AddParameter): Name = "Foot"; Value = "0603"; VariantName = "[No Variations]"
Add component (AddParameter): Name = "Power"; Value = "0.1W"; VariantName = "[No Variations]"
Add component (AddParameter): Name = "Tolerance"; Value = "1%"; VariantName = "[No Variations]"
Add component (AddParameter): Name = "Value"; Value = "69.8k"; VariantName = "[No Variations]"
Added Component: Designator=U1(HTSSOP_28)
Add component. Clean all parameters for all variants
Added Component: Designator=XP1(CONN_PBD-20)
Add component. Clean all parameters for all variants
Add component (AddParameter): Name = "LatestRevisionDate"; Value = "17-Jul-2002"; VariantName = "[No Variations]"
Add component (AddParameter): Name = "LatestRevisionNote"; Value = "Re-released for DXP Platform."; VariantName = "[No Variations]"
Add component (AddParameter): Name = "Publisher"; Value = "Altium Limited"; VariantName = "[No Variations]"
Added Component: Designator=XP2(CONN_PBD-16)
Add component. Clean all parameters for all variants
Add component (AddParameter): Name = "LatestRevisionDate"; Value = "17-Jul-2002"; VariantName = "[No Variations]"
Add component (AddParameter): Name = "LatestRevisionNote"; Value = "Re-released for DXP Platform."; VariantName = "[No Variations]"
Add component (AddParameter): Name = "Publisher"; Value = "Altium Limited"; VariantName = "[No Variations]"
Added Pin To Net: NetName=+12 Pin=C1-1
Added Pin To Net: NetName=+12 Pin=C2-1
Added Pin To Net: NetName=+12 Pin=L1-1
Added Pin To Net: NetName=+12 Pin=R1-2
Added Pin To Net: NetName=+12 Pin=R4-2
Added Pin To Net: NetName=+12 Pin=R5-2
Added Pin To Net: NetName=+12 Pin=U1-28
Added Pin To Net: NetName=+12 Pin=XP1-1
Added Pin To Net: NetName=+12 Pin=XP1-2
Added Pin To Net: NetName=+12 Pin=XP1-3
Added Pin To Net: NetName=+12 Pin=XP1-4
Added Pin To Net: NetName=+12 Pin=XP1-5
Added Pin To Net: NetName=+12 Pin=XP1-6
Added Pin To Net: NetName=+12 Pin=XP1-7
Added Pin To Net: NetName=+12 Pin=XP1-8
Added Net: Name=+12
Added Pin To Net: NetName=COMP Pin=C9-1
Added Pin To Net: NetName=COMP Pin=R14-2
Added Pin To Net: NetName=COMP Pin=U1-20
Added Net: Name=COMP
Added Pin To Net: NetName=ENABLE IN Pin=U1-2
Added Pin To Net: NetName=ENABLE IN Pin=XP1-17
Added Pin To Net: NetName=ENABLE IN Pin=XP1-18
Added Net: Name=ENABLE IN
Added Pin To Net: NetName=FSW Pin=R13-1
Added Pin To Net: NetName=FSW Pin=U1-26
Added Net: Name=FSW
Added Pin To Net: NetName=GND Pin=C1-2
Added Pin To Net: NetName=GND Pin=C2-2
Added Pin To Net: NetName=GND Pin=C3-2
Added Pin To Net: NetName=GND Pin=C4-2
Added Pin To Net: NetName=GND Pin=C5-2
Added Pin To Net: NetName=GND Pin=C6-2
Added Pin To Net: NetName=GND Pin=C7-2
Added Pin To Net: NetName=GND Pin=C8-2
Added Pin To Net: NetName=GND Pin=C9-2
Added Pin To Net: NetName=GND Pin=C10-2
Added Pin To Net: NetName=GND Pin=C11-2
Added Pin To Net: NetName=GND Pin=Q1-2
Added Pin To Net: NetName=GND Pin=R3-1
Added Pin To Net: NetName=GND Pin=R8-1
Added Pin To Net: NetName=GND Pin=R11-1
Added Pin To Net: NetName=GND Pin=R12-1
Added Pin To Net: NetName=GND Pin=R13-2
Added Pin To Net: NetName=GND Pin=R15-1
Added Pin To Net: NetName=GND Pin=R16-1
Added Pin To Net: NetName=GND Pin=R17-1
Added Pin To Net: NetName=GND Pin=R18-1
Added Pin To Net: NetName=GND Pin=R19-1
Added Pin To Net: NetName=GND Pin=R20-1
Added Pin To Net: NetName=GND Pin=R21-1
Added Pin To Net: NetName=GND Pin=R22-1
Added Pin To Net: NetName=GND Pin=R23-1
Added Pin To Net: NetName=GND Pin=U1-18
Added Pin To Net: NetName=GND Pin=U1-22
Added Pin To Net: NetName=GND Pin=U1-29
Added Pin To Net: NetName=GND Pin=XP1-9
Added Pin To Net: NetName=GND Pin=XP1-10
Added Pin To Net: NetName=GND Pin=XP1-11
Added Pin To Net: NetName=GND Pin=XP1-12
Added Pin To Net: NetName=GND Pin=XP1-13
Added Pin To Net: NetName=GND Pin=XP1-14
Added Pin To Net: NetName=GND Pin=XP1-15
Added Pin To Net: NetName=GND Pin=XP1-16
Added Net: Name=GND
Added Pin To Net: NetName=L1 Pin=R21-2
Added Pin To Net: NetName=L1 Pin=U1-12
Added Pin To Net: NetName=L1 Pin=XP2-11
Added Net: Name=L1
Added Pin To Net: NetName=L2 Pin=R20-2
Added Pin To Net: NetName=L2 Pin=U1-13
Added Pin To Net: NetName=L2 Pin=XP2-13
Added Net: Name=L2
Added Pin To Net: NetName=L3 Pin=R19-2
Added Pin To Net: NetName=L3 Pin=U1-14
Added Pin To Net: NetName=L3 Pin=XP2-15
Added Net: Name=L3
Added Pin To Net: NetName=L4 Pin=R18-2
Added Pin To Net: NetName=L4 Pin=U1-15
Added Pin To Net: NetName=L4 Pin=XP2-12
Added Net: Name=L4
Added Pin To Net: NetName=L5 Pin=R17-2
Added Pin To Net: NetName=L5 Pin=U1-16
Added Pin To Net: NetName=L5 Pin=XP2-14
Added Net: Name=L5
Added Pin To Net: NetName=L6 Pin=R16-2
Added Pin To Net: NetName=L6 Pin=U1-17
Added Pin To Net: NetName=L6 Pin=XP2-16
Added Net: Name=L6
Added Pin To Net: NetName=LED P Pin=R6-2
Added Pin To Net: NetName=LED P Pin=XP2-1
Added Pin To Net: NetName=LED P Pin=XP2-2
Added Pin To Net: NetName=LED P Pin=XP2-3
Added Pin To Net: NetName=LED P Pin=XP2-4
Added Pin To Net: NetName=LED P Pin=XP2-5
Added Pin To Net: NetName=LED P Pin=XP2-6
Added Pin To Net: NetName=LED P Pin=XP2-7
Added Pin To Net: NetName=LED P Pin=XP2-8
Added Pin To Net: NetName=LED P Pin=XP2-9
Added Pin To Net: NetName=LED P Pin=XP2-10
Added Net: Name=LED P
Added Pin To Net: NetName=NetC3_1 Pin=C3-1
Added Pin To Net: NetName=NetC3_1 Pin=R1-1
Added Pin To Net: NetName=NetC3_1 Pin=R2-2
Added Net: Name=NetC3_1
Added Pin To Net: NetName=NetC4_1 Pin=C4-1
Added Pin To Net: NetName=NetC4_1 Pin=U1-25
Added Net: Name=NetC4_1
Added Pin To Net: NetName=NetC5_1 Pin=C5-1
Added Pin To Net: NetName=NetC5_1 Pin=R10-1
Added Pin To Net: NetName=NetC5_1 Pin=U1-23
Added Net: Name=NetC5_1
Added Pin To Net: NetName=NetC6_1 Pin=C6-1
Added Pin To Net: NetName=NetC6_1 Pin=C7-1
Added Pin To Net: NetName=NetC6_1 Pin=D2-3
Added Pin To Net: NetName=NetC6_1 Pin=R6-1
Added Pin To Net: NetName=NetC6_1 Pin=R7-2
Added Net: Name=NetC6_1
Added Pin To Net: NetName=NetC10_1 Pin=C10-1
Added Pin To Net: NetName=NetC10_1 Pin=R14-1
Added Net: Name=NetC10_1
Added Pin To Net: NetName=NetC11_1 Pin=C11-1
Added Pin To Net: NetName=NetC11_1 Pin=R23-2
Added Pin To Net: NetName=NetC11_1 Pin=U1-11
Added Net: Name=NetC11_1
Added Pin To Net: NetName=NetD1_1 Pin=D1-1
Added Pin To Net: NetName=NetD1_1 Pin=R4-1
Added Net: Name=NetD1_1
Added Pin To Net: NetName=NetD1_2 Pin=D1-2
Added Pin To Net: NetName=NetD1_2 Pin=Q1-3
Added Net: Name=NetD1_2
Added Pin To Net: NetName=NetD2_2 Pin=D2-2
Added Pin To Net: NetName=NetD2_2 Pin=L1-2
Added Pin To Net: NetName=NetD2_2 Pin=Q2-3
Added Net: Name=NetD2_2
Added Pin To Net: NetName=NetQ1_1 Pin=Q1-1
Added Pin To Net: NetName=NetQ1_1 Pin=R5-1
Added Pin To Net: NetName=NetQ1_1 Pin=U1-27
Added Net: Name=NetQ1_1
Added Pin To Net: NetName=NetQ2_1 Pin=Q2-1
Added Pin To Net: NetName=NetQ2_1 Pin=R9-2
Added Net: Name=NetQ2_1
Added Pin To Net: NetName=NetQ2_2 Pin=Q2-2
Added Pin To Net: NetName=NetQ2_2 Pin=R10-2
Added Pin To Net: NetName=NetQ2_2 Pin=R11-2
Added Pin To Net: NetName=NetQ2_2 Pin=R12-2
Added Net: Name=NetQ2_2
Added Pin To Net: NetName=NetR2_1 Pin=R2-1
Added Pin To Net: NetName=NetR2_1 Pin=R3-2
Added Pin To Net: NetName=NetR2_1 Pin=U1-1
Added Net: Name=NetR2_1
Added Pin To Net: NetName=NetR7_1 Pin=R7-1
Added Pin To Net: NetName=NetR7_1 Pin=R8-2
Added Pin To Net: NetName=NetR7_1 Pin=U1-19
Added Net: Name=NetR7_1
Added Pin To Net: NetName=NetR9_1 Pin=R9-1
Added Pin To Net: NetName=NetR9_1 Pin=U1-24
Added Net: Name=NetR9_1
Added Pin To Net: NetName=NetR15_2 Pin=R15-2
Added Pin To Net: NetName=NetR15_2 Pin=U1-9
Added Net: Name=NetR15_2
Added Pin To Net: NetName=NetR22_2 Pin=R22-2
Added Pin To Net: NetName=NetR22_2 Pin=U1-10
Added Net: Name=NetR22_2
Added Pin To Net: NetName=PWM IN Pin=U1-3
Added Pin To Net: NetName=PWM IN Pin=U1-4
Added Pin To Net: NetName=PWM IN Pin=U1-5
Added Pin To Net: NetName=PWM IN Pin=U1-6
Added Pin To Net: NetName=PWM IN Pin=U1-7
Added Pin To Net: NetName=PWM IN Pin=U1-8
Added Pin To Net: NetName=PWM IN Pin=XP1-19
Added Pin To Net: NetName=PWM IN Pin=XP1-20
Added Net: Name=PWM IN
Added Pin To Net: NetName=REF Pin=C8-1
Added Pin To Net: NetName=REF Pin=U1-21
Added Net: Name=REF
Added Class: Name=Master
